[debug] [2022-04-15T18:28:37.617Z] ----------------------------------------------------------------------
[debug] [2022-04-15T18:28:37.618Z] Command:       /usr/local/bin/node /usr/local/bin/firebase deploy
[debug] [2022-04-15T18:28:37.619Z] CLI Version:   10.6.0
[debug] [2022-04-15T18:28:37.619Z] Platform:      darwin
[debug] [2022-04-15T18:28:37.619Z] Node Version:  v14.17.6
[debug] [2022-04-15T18:28:37.622Z] Time:          Fri Apr 15 2022 22:28:37 GMT+0400 (Gulf Standard Time)
[debug] [2022-04-15T18:28:37.622Z] ----------------------------------------------------------------------
[debug] 
[debug] [2022-04-15T18:28:37.626Z] >>> [apiv2][query] GET https://firebase-public.firebaseio.com/cli.json [none]
[debug] [2022-04-15T18:28:37.690Z] > command requires scopes: ["email","openid","https://www.googleapis.com/auth/cloudplatformprojects.readonly","https://www.googleapis.com/auth/firebase","https://www.googleapis.com/auth/cloud-platform"]
[debug] [2022-04-15T18:28:37.690Z] > authorizing via signed-in user (naikashok08@gmail.com)
[debug] [2022-04-15T18:28:37.690Z] [iam] checking project subjective-beta for permissions ["firebase.projects.get","firebasehosting.sites.update"]
[debug] [2022-04-15T18:28:37.691Z] > refreshing access token with scopes: []
[debug] [2022-04-15T18:28:37.691Z] >>> HTTP REQUEST POST https://www.googleapis.com/oauth2/v3/token  
 <request body omitted>
[debug] [2022-04-15T18:28:38.003Z] <<< HTTP RESPONSE 200 {"cache-control":"no-cache, no-store, max-age=0, must-revalidate","pragma":"no-cache","expires":"Mon, 01 Jan 1990 00:00:00 GMT","date":"Fri, 15 Apr 2022 18:28:38 GMT","content-type":"application/json; charset=utf-8","vary":"X-Origin, Referer, Origin,Accept-Encoding","server":"scaffolding on HTTPServer2","x-xss-protection":"0","x-frame-options":"SAMEORIGIN","x-content-type-options":"nosniff","alt-svc":"h3=\":443\"; ma=2592000,h3-29=\":443\"; ma=2592000,h3-Q050=\":443\"; ma=2592000,h3-Q046=\":443\"; ma=2592000,h3-Q043=\":443\"; ma=2592000,quic=\":443\"; ma=2592000; v=\"46,43\"","accept-ranges":"none","transfer-encoding":"chunked"}
[debug] [2022-04-15T18:28:38.053Z] >>> [apiv2][query] POST https://cloudresourcemanager.googleapis.com/v1/projects/subjective-beta:testIamPermissions [none]
[debug] [2022-04-15T18:28:38.053Z] >>> [apiv2][body] POST https://cloudresourcemanager.googleapis.com/v1/projects/subjective-beta:testIamPermissions {"permissions":["firebase.projects.get","firebasehosting.sites.update"]}
[debug] [2022-04-15T18:28:38.505Z] <<< [apiv2][status] GET https://firebase-public.firebaseio.com/cli.json 200
[debug] [2022-04-15T18:28:38.506Z] <<< [apiv2][body] GET https://firebase-public.firebaseio.com/cli.json {"cloudBuildErrorAfter":1594252800000,"cloudBuildWarnAfter":1590019200000,"defaultNode10After":1594252800000,"minVersion":"3.0.5","node8DeploysDisabledAfter":1613390400000,"node8RuntimeDisabledAfter":1615809600000,"node8WarnAfter":1600128000000}
[debug] [2022-04-15T18:28:39.477Z] <<< [apiv2][status] POST https://cloudresourcemanager.googleapis.com/v1/projects/subjective-beta:testIamPermissions 200
[debug] [2022-04-15T18:28:39.477Z] <<< [apiv2][body] POST https://cloudresourcemanager.googleapis.com/v1/projects/subjective-beta:testIamPermissions {"permissions":["firebase.projects.get","firebasehosting.sites.update"]}
[debug] [2022-04-15T18:28:39.479Z] >>> [apiv2][query] GET https://firebase.googleapis.com/v1beta1/projects/subjective-beta [none]
[debug] [2022-04-15T18:28:39.935Z] <<< [apiv2][status] GET https://firebase.googleapis.com/v1beta1/projects/subjective-beta 200
[debug] [2022-04-15T18:28:39.936Z] <<< [apiv2][body] GET https://firebase.googleapis.com/v1beta1/projects/subjective-beta {"projectId":"subjective-beta","projectNumber":"642556352377","displayName":"subjective","name":"projects/subjective-beta","resources":{"hostingSite":"subjective-beta"},"state":"ACTIVE"}
[info] 
[info] === Deploying to 'subjective-beta'...
[info] 
[info] i  deploying hosting 
[debug] [2022-04-15T18:28:39.941Z] >>> [apiv2][query] GET https://firebase.googleapis.com/v1beta1/projects/subjective-beta [none]
[debug] [2022-04-15T18:28:40.397Z] <<< [apiv2][status] GET https://firebase.googleapis.com/v1beta1/projects/subjective-beta 200
[debug] [2022-04-15T18:28:40.398Z] <<< [apiv2][body] GET https://firebase.googleapis.com/v1beta1/projects/subjective-beta {"projectId":"subjective-beta","projectNumber":"642556352377","displayName":"subjective","name":"projects/subjective-beta","resources":{"hostingSite":"subjective-beta"},"state":"ACTIVE"}
[debug] [2022-04-15T18:28:40.404Z] >>> [apiv2][query] POST https://firebasehosting.googleapis.com/v1beta1/projects/642556352377/sites/subjective-beta/versions [none]
[debug] [2022-04-15T18:28:40.404Z] >>> [apiv2][body] POST https://firebasehosting.googleapis.com/v1beta1/projects/642556352377/sites/subjective-beta/versions {"config":{"rewrites":[{"glob":"**","path":"/index.html"}]},"labels":{"deployment-tool":"cli-firebase"}}
[debug] [2022-04-15T18:28:42.698Z] <<< [apiv2][status] POST https://firebasehosting.googleapis.com/v1beta1/projects/642556352377/sites/subjective-beta/versions 200
[debug] [2022-04-15T18:28:42.699Z] <<< [apiv2][body] POST https://firebasehosting.googleapis.com/v1beta1/projects/642556352377/sites/subjective-beta/versions {"name":"projects/642556352377/sites/subjective-beta/versions/26e8b8df0482f068","status":"CREATED","config":{"rewrites":[{"glob":"**","path":"/index.html"}]},"labels":{"deployment-tool":"cli-firebase"}}
[info] i  hosting[subjective-beta]: beginning deploy... 
[info] i  hosting[subjective-beta]: found 22 files in build 
[debug] [2022-04-15T18:28:42.719Z] [hosting] uploading with 200 concurrency
[debug] [2022-04-15T18:28:43.149Z] [hosting] hash cache [YnVpbGQ] stored for 22 files
[debug] [2022-04-15T18:28:43.150Z] [hosting][hash queue][FINAL] {"max":420,"min":9,"avg":97.18181818181819,"active":0,"complete":22,"success":22,"errored":0,"retried":0,"total":22,"elapsed":429}
[debug] [2022-04-15T18:28:43.150Z] >>> [apiv2][query] POST https://firebasehosting.googleapis.com/v1beta1/projects/642556352377/sites/subjective-beta/versions/26e8b8df0482f068:populateFiles [none]
[debug] [2022-04-15T18:28:43.150Z] >>> [apiv2][body] POST https://firebasehosting.googleapis.com/v1beta1/projects/642556352377/sites/subjective-beta/versions/26e8b8df0482f068:populateFiles {"files":{"/asset-manifest.json":"7e990fe37ee98c3a21cc03fa69d5a9c2d98652cb587630f29044a37296bfa74b","/index.html":"94175da982dd843b4c0ad98972991287990e53d369e591f321f223e81f38b3cb","/favicon.ico":"b72f7455f00e4e58792d2bca892abb068e2213838c0316d6b7a0d6d16acd1955","/robots.txt":"391d14b3c2f8c9143a27a28c7399585142228d4d1bdbe2c87ac946de411fa9a2","/logo192.png":"caff018b7f1e8fd481eb1c50d75b0ef236bcd5078b1d15c8bb348453fee30293","/logo512.png":"191fc21360b4ccfb1cda11a1efb97f489ed22672ca83f4064316802bbfdd750e","/static/js/787.b06471be.chunk.js":"70bd236a944c2f75a96a6677d4342e087da418ba5adb6d91e1f3fbeda3fe9e8d","/static/js/main.ad283e76.js.LICENSE.txt":"de5881126184048fd512a2c6da3bbc66c01d795012d1ca7c9305f35bb2d353dc","/static/css/main.7101d299.css":"719a394c31e5de68f9a755de36fd742f3b179bff605397000d43e6efd502a92f","/static/js/787.b06471be.chunk.js.map":"1227d9e5240abc71bc907a91c06d23c307b9a3041819109b8a1ce59df92f56c4","/static/css/main.7101d299.css.map":"d865cdcea5074caf3fd0f2ec78be62e032e579962c1f158827b12cdaf052f3c5","/static/media/logo.6ce24c58023cc2f8fd88fe9d219db6c6.svg":"5f6ecf30024a00eebae8bb333ddc0f1c3d19fd8e7e6838404547f41abb63a8e8","/manifest.json":"341d52628782f8ac9290bbfc43298afccb47b7cbfcee146ae30cf0f46bc30900","/static/js/main.ad283e76.js":"0db52acfcf568c7836ebe2b1712ebeb0ad7e1eb1caed13b534441eb943dbcb9b","/static/media/Artboard.6ac2c2adb078ef617c95.png":"8671cd0c5a83493183680d3b7e43a04f8121650cd8afa13e265e3b5fa42263b2","/static/media/sneakersCat.f12255fb650c22937d03.jpg":"04de1c13036716c77608e1044ff6120def71b9a736dc3b9afaf96aa7edf79b33","/static/js/main.ad283e76.js.map":"2c9d4b351fc42de5833aa235adb43175199381b8b2723ce3227d4b50fb3d4a96","/static/media/bagcat.a8a5daa1556c384e812c.jpg":"aa42461588470f07c439bafbb72c5f831ec8d4980b5423bf23b5634e19e4e780","/static/media/t-shirt.f27a8a2931268f4babfa.jpg":"b7d534e91da70c83baf657914a016ed9ae3d4fc7d1d16a0315669d17be72ddf6","/static/media/gritty gradient2.0fb92bd89da8f9d46dbc.png":"792b7e42ec3d6aa34d4fb0dbd0854ce0c45af2bb9529cb91b6b94dd5e87630c1","/static/media/gritty gradient3.e84600540edde39bcd9c.png":"a84a264ef465224712c8f8bfa17115d5ff0cef15d09847acb264a01e8fcca24a","/static/media/gritty gradient6.89899c9978a717d92b21.png":"c254a8e5fff1704eca4708b82757221d38197bb653570f19c3051e2843697b18"}}
[debug] [2022-04-15T18:28:44.920Z] <<< [apiv2][status] POST https://firebasehosting.googleapis.com/v1beta1/projects/642556352377/sites/subjective-beta/versions/26e8b8df0482f068:populateFiles 200
[debug] [2022-04-15T18:28:44.920Z] <<< [apiv2][body] POST https://firebasehosting.googleapis.com/v1beta1/projects/642556352377/sites/subjective-beta/versions/26e8b8df0482f068:populateFiles {"uploadRequiredHashes":["d865cdcea5074caf3fd0f2ec78be62e032e579962c1f158827b12cdaf052f3c5","94175da982dd843b4c0ad98972991287990e53d369e591f321f223e81f38b3cb","0db52acfcf568c7836ebe2b1712ebeb0ad7e1eb1caed13b534441eb943dbcb9b","7e990fe37ee98c3a21cc03fa69d5a9c2d98652cb587630f29044a37296bfa74b","719a394c31e5de68f9a755de36fd742f3b179bff605397000d43e6efd502a92f","2c9d4b351fc42de5833aa235adb43175199381b8b2723ce3227d4b50fb3d4a96"],"uploadUrl":"https://upload-firebasehosting.googleapis.com/upload/sites/subjective-beta/versions/26e8b8df0482f068/files"}
[debug] [2022-04-15T18:28:44.924Z] >>> [apiv2][query] POST https://upload-firebasehosting.googleapis.com/upload/sites/subjective-beta/versions/26e8b8df0482f068/files/d865cdcea5074caf3fd0f2ec78be62e032e579962c1f158827b12cdaf052f3c5 [none]
[debug] [2022-04-15T18:28:44.924Z] >>> [apiv2][body] POST https://upload-firebasehosting.googleapis.com/upload/sites/subjective-beta/versions/26e8b8df0482f068/files/d865cdcea5074caf3fd0f2ec78be62e032e579962c1f158827b12cdaf052f3c5 [stream]
[debug] [2022-04-15T18:28:44.931Z] >>> [apiv2][query] POST https://upload-firebasehosting.googleapis.com/upload/sites/subjective-beta/versions/26e8b8df0482f068/files/94175da982dd843b4c0ad98972991287990e53d369e591f321f223e81f38b3cb [none]
[debug] [2022-04-15T18:28:44.931Z] >>> [apiv2][body] POST https://upload-firebasehosting.googleapis.com/upload/sites/subjective-beta/versions/26e8b8df0482f068/files/94175da982dd843b4c0ad98972991287990e53d369e591f321f223e81f38b3cb [stream]
[debug] [2022-04-15T18:28:44.933Z] >>> [apiv2][query] POST https://upload-firebasehosting.googleapis.com/upload/sites/subjective-beta/versions/26e8b8df0482f068/files/0db52acfcf568c7836ebe2b1712ebeb0ad7e1eb1caed13b534441eb943dbcb9b [none]
[debug] [2022-04-15T18:28:44.933Z] >>> [apiv2][body] POST https://upload-firebasehosting.googleapis.com/upload/sites/subjective-beta/versions/26e8b8df0482f068/files/0db52acfcf568c7836ebe2b1712ebeb0ad7e1eb1caed13b534441eb943dbcb9b [stream]
[debug] [2022-04-15T18:28:44.934Z] >>> [apiv2][query] POST https://upload-firebasehosting.googleapis.com/upload/sites/subjective-beta/versions/26e8b8df0482f068/files/7e990fe37ee98c3a21cc03fa69d5a9c2d98652cb587630f29044a37296bfa74b [none]
[debug] [2022-04-15T18:28:44.934Z] >>> [apiv2][body] POST https://upload-firebasehosting.googleapis.com/upload/sites/subjective-beta/versions/26e8b8df0482f068/files/7e990fe37ee98c3a21cc03fa69d5a9c2d98652cb587630f29044a37296bfa74b [stream]
[debug] [2022-04-15T18:28:44.935Z] >>> [apiv2][query] POST https://upload-firebasehosting.googleapis.com/upload/sites/subjective-beta/versions/26e8b8df0482f068/files/719a394c31e5de68f9a755de36fd742f3b179bff605397000d43e6efd502a92f [none]
[debug] [2022-04-15T18:28:44.935Z] >>> [apiv2][body] POST https://upload-firebasehosting.googleapis.com/upload/sites/subjective-beta/versions/26e8b8df0482f068/files/719a394c31e5de68f9a755de36fd742f3b179bff605397000d43e6efd502a92f [stream]
[debug] [2022-04-15T18:28:44.936Z] >>> [apiv2][query] POST https://upload-firebasehosting.googleapis.com/upload/sites/subjective-beta/versions/26e8b8df0482f068/files/2c9d4b351fc42de5833aa235adb43175199381b8b2723ce3227d4b50fb3d4a96 [none]
[debug] [2022-04-15T18:28:44.936Z] >>> [apiv2][body] POST https://upload-firebasehosting.googleapis.com/upload/sites/subjective-beta/versions/26e8b8df0482f068/files/2c9d4b351fc42de5833aa235adb43175199381b8b2723ce3227d4b50fb3d4a96 [stream]
[debug] [2022-04-15T18:28:44.937Z] [hosting][populate queue][FINAL] {"max":1779,"min":1779,"avg":1779,"active":0,"complete":1,"success":1,"errored":0,"retried":0,"total":1,"elapsed":1792}
[debug] [2022-04-15T18:28:44.938Z] [hosting] uploads queued: 6
[debug] [2022-04-15T18:28:46.494Z] <<< [apiv2][status] POST https://upload-firebasehosting.googleapis.com/upload/sites/subjective-beta/versions/26e8b8df0482f068/files/94175da982dd843b4c0ad98972991287990e53d369e591f321f223e81f38b3cb 200
[debug] [2022-04-15T18:28:46.496Z] <<< [apiv2][body] POST https://upload-firebasehosting.googleapis.com/upload/sites/subjective-beta/versions/26e8b8df0482f068/files/94175da982dd843b4c0ad98972991287990e53d369e591f321f223e81f38b3cb [stream]
[debug] [2022-04-15T18:28:46.767Z] <<< [apiv2][status] POST https://upload-firebasehosting.googleapis.com/upload/sites/subjective-beta/versions/26e8b8df0482f068/files/719a394c31e5de68f9a755de36fd742f3b179bff605397000d43e6efd502a92f 200
[debug] [2022-04-15T18:28:46.767Z] <<< [apiv2][body] POST https://upload-firebasehosting.googleapis.com/upload/sites/subjective-beta/versions/26e8b8df0482f068/files/719a394c31e5de68f9a755de36fd742f3b179bff605397000d43e6efd502a92f [stream]
[debug] [2022-04-15T18:28:47.080Z] <<< [apiv2][status] POST https://upload-firebasehosting.googleapis.com/upload/sites/subjective-beta/versions/26e8b8df0482f068/files/2c9d4b351fc42de5833aa235adb43175199381b8b2723ce3227d4b50fb3d4a96 200
[debug] [2022-04-15T18:28:47.080Z] <<< [apiv2][body] POST https://upload-firebasehosting.googleapis.com/upload/sites/subjective-beta/versions/26e8b8df0482f068/files/2c9d4b351fc42de5833aa235adb43175199381b8b2723ce3227d4b50fb3d4a96 [stream]
[debug] [2022-04-15T18:28:52.325Z] <<< [apiv2][status] POST https://upload-firebasehosting.googleapis.com/upload/sites/subjective-beta/versions/26e8b8df0482f068/files/0db52acfcf568c7836ebe2b1712ebeb0ad7e1eb1caed13b534441eb943dbcb9b 200
[debug] [2022-04-15T18:28:52.326Z] <<< [apiv2][body] POST https://upload-firebasehosting.googleapis.com/upload/sites/subjective-beta/versions/26e8b8df0482f068/files/0db52acfcf568c7836ebe2b1712ebeb0ad7e1eb1caed13b534441eb943dbcb9b [stream]
[debug] [2022-04-15T18:28:52.359Z] <<< [apiv2][status] POST https://upload-firebasehosting.googleapis.com/upload/sites/subjective-beta/versions/26e8b8df0482f068/files/d865cdcea5074caf3fd0f2ec78be62e032e579962c1f158827b12cdaf052f3c5 200
[debug] [2022-04-15T18:28:52.359Z] <<< [apiv2][body] POST https://upload-firebasehosting.googleapis.com/upload/sites/subjective-beta/versions/26e8b8df0482f068/files/d865cdcea5074caf3fd0f2ec78be62e032e579962c1f158827b12cdaf052f3c5 [stream]
